<?xml version="1.0" encoding="UTF-8"?>
<testsuite name="com.gwh.util.RSAUtilTest" tests="1" skipped="0" failures="0" errors="0" timestamp="2020-03-13T10:31:46" hostname="LAPTOP-4L910JHT" time="0.099">
  <properties/>
  <testcase name="signTest" classname="com.gwh.util.RSAUtilTest" time="0.099"/>
  <system-out><![CDATA[Dztmu16rqXwySEL0d1p8P4RYv9XkEzQ6a9bOQOAa4PsPk55s0CgEd9YJ4U6nlJWZNqbQvOpqPfH+/zjpjKtA3dAPBQr0RNlfM3/JFKX0iYgS7D+7N9PhGWwv3hbgVkDrdd9T7ClOYONZ8L+JwjCHB1zjvbIYr9goOGmdeT+brKI=
true
]]></system-out>
  <system-err><![CDATA[]]></system-err>
</testsuite>
